[LOG] System::create                           : Header version = 2.02.18. Current version = 2.02.18.
[LOG] Manager::init                            : maxchannels = 256 studioflags = 00000006 flags 00000000 extradriverdata 0000000000000000.
[LOG] SystemI::init                            : Initialize version=20218 (137105), maxchannels=256, flags=0x00020000
[LOG] SystemI::setOutputInternal               : Setting output to 'FMOD WASAPI Output'
[LOG] OutputWASAPI::init                       : Mix Format (WAVEFORMATEX): wFormatTag=0xFFFE, nChannels=2, nSamplesPerSec=48000, nAvgBytesPerSec=384000, nBlockAlign=8, wBitsPerSample=32, cbSize=22.
[LOG] OutputWASAPI::init                       : Mix Format (WAVEFORMATEXTENSIBLE): wValidBitsPerSample=32, dwChannelMask=0x00000003, SubFormat=00000003-0000-0010-8000-00AA00389B71.
[LOG] OutputWASAPI::init                       : Output buffer size: 4096 samples, latency: 0.00ms, period: 10.00ms, DSP buffer: 1024 * 4
[LOG] Thread::initThread                       : Init FMOD stream thread. Affinity: 0x4000000000000003, Priority: 0xFFFF7FFB, Stack Size: 98304, Semaphore: No, Sleep Time: 10, Looping: Yes.
[LOG] Thread::initThread                       : Init FMOD mixer thread. Affinity: 0x4000000000000001, Priority: 0xFFFF7FFA, Stack Size: 81920, Semaphore: No, Sleep Time: 0, Looping: Yes.
[LOG] AsyncManager::init                       : manager 0000024228F51B98 isAsync 0 updatePeriod 0.02
[LOG] AsyncManager::init                       : done
[LOG] PlaybackSystem::init                     : 
[LOG] Thread::initThread                       : Init FMOD Studio sample load thread. Affinity: 0x4000000000000003, Priority: 0xFFFF7FFD, Stack Size: 98304, Semaphore: No, Sleep Time: 1, Looping: No.
[LOG] PlaybackSystem::init                     : done
[LOG] Thread::initThread                       : Init FMOD Studio bank load thread. Affinity: 0x4000000000000003, Priority: 0xFFFF7FFD, Stack Size: 98304, Semaphore: No, Sleep Time: 1, Looping: No.
[LOG] Manager::init                            : done.
[LOG] Manager::readBank                        : fileversion = 142, compatVersion = 140 (oldest = 44, newest = 142)
[LOG] Manager::readBank                        : fileversion = 142, compatVersion = 140 (oldest = 44, newest = 142)
[LOG] Manager::readBank                        : fileversion = 142, compatVersion = 140 (oldest = 44, newest = 142)
[LOG] PlaybackSystem::acquireMasterBus         : Setting master channel group format to 6
[LOG] Manager::readBank                        : fileversion = 142, compatVersion = 140 (oldest = 44, newest = 142)
[LOG] Manager::readBank                        : fileversion = 142, compatVersion = 140 (oldest = 44, newest = 142)
[LOG] PlaybackSystem::acquireMasterBus         : Setting master channel group format to 6
[LOG] SystemI::createSoundInternal             : Create name='', mode=0x02000202
[LOG] SystemI::createSoundInternal             : exinfo->cbsize             = 224
[LOG] SystemI::createSoundInternal             : exinfo->length             = 43072
[LOG] SystemI::createSoundInternal             : exinfo->fileoffset         = 3424
[LOG] SystemI::createSoundInternal             : exinfo->numsubsounds       = 1
[LOG] SystemI::createSoundInternal             : exinfo->inclusionlist      = 000000BCBA40F548
[LOG] SystemI::createSoundInternal             : exinfo->inclusionlistnum   = 1
[LOG] SystemI::createSoundInternal             : exinfo->suggestedsoundtype = 5
[LOG] SystemI::createSoundInternal             : exinfo->useropen           = 00007FFB39E53FA0
[LOG] SystemI::createSoundInternal             : exinfo->userclose          = 00007FFB39E53F60
[LOG] SystemI::createSoundInternal             : exinfo->userread           = 00007FFB39E54080
[LOG] SystemI::createSoundInternal             : exinfo->userseek           = 00007FFB39E54140
[LOG] SystemI::createSoundInternal             : exinfo->fileuserdata       = 00000242B65A2CD8
[LOG] SystemI::createSoundInternal             : exinfo->initialseekpostype = 1
[LOG] SystemI::DSPCodecPoolRegister            : register codec pool for pool type 5
[LOG] SystemI::createSoundInternal             : Sample 0/1: name='Lasers, Gun, Blaster, Fire, Single Fire SND99791 6', format=5, channels=2, frequency=48000, lengthbytes=8288, lengthpcm=48840, pcmblocksize=0, loopstart=0, loopend=0, mode=0x00000000, channelmask=0x00000000, channelorder=0, peakvolume=0.144974.
[LOG] SystemI::createSoundInternal             : Create name='', mode=0x02000202
[LOG] SystemI::createSoundInternal             : exinfo->cbsize             = 224
[LOG] SystemI::createSoundInternal             : exinfo->length             = 43072
[LOG] SystemI::createSoundInternal             : exinfo->fileoffset         = 3424
[LOG] SystemI::createSoundInternal             : exinfo->numsubsounds       = 1
[LOG] SystemI::createSoundInternal             : exinfo->inclusionlist      = 000000BCBA40F548
[LOG] SystemI::createSoundInternal             : exinfo->inclusionlistnum   = 1
[LOG] SystemI::createSoundInternal             : exinfo->suggestedsoundtype = 5
[LOG] SystemI::createSoundInternal             : exinfo->useropen           = 00007FFB39E53FA0
[LOG] SystemI::createSoundInternal             : exinfo->userclose          = 00007FFB39E53F60
[LOG] SystemI::createSoundInternal             : exinfo->userread           = 00007FFB39E54080
[LOG] SystemI::createSoundInternal             : exinfo->userseek           = 00007FFB39E54140
[LOG] SystemI::createSoundInternal             : exinfo->fileuserdata       = 00000242B65A2CD8
[LOG] SystemI::createSoundInternal             : exinfo->initialseekpostype = 1
[LOG] SystemI::DSPCodecPoolRegister            : register codec pool for pool type 5
[LOG] SystemI::createSoundInternal             : Sample 0/1: name='Lasers, Gun, Blaster, Fire, Single Fire SND99791 4', format=5, channels=2, frequency=48000, lengthbytes=8256, lengthpcm=51040, pcmblocksize=0, loopstart=0, loopend=0, mode=0x00000000, channelmask=0x00000000, channelorder=0, peakvolume=0.145359.
[LOG] SystemI::createSoundInternal             : Create name='', mode=0x02000202
[LOG] SystemI::createSoundInternal             : exinfo->cbsize             = 224
[LOG] SystemI::createSoundInternal             : exinfo->length             = 43072
[LOG] SystemI::createSoundInternal             : exinfo->fileoffset         = 3424
[LOG] SystemI::createSoundInternal             : exinfo->numsubsounds       = 1
[LOG] SystemI::createSoundInternal             : exinfo->inclusionlist      = 000000BCBA40F548
[LOG] SystemI::createSoundInternal             : exinfo->inclusionlistnum   = 1
[LOG] SystemI::createSoundInternal             : exinfo->suggestedsoundtype = 5
[LOG] SystemI::createSoundInternal             : exinfo->useropen           = 00007FFB39E53FA0
[LOG] SystemI::createSoundInternal             : exinfo->userclose          = 00007FFB39E53F60
[LOG] SystemI::createSoundInternal             : exinfo->userread           = 00007FFB39E54080
[LOG] SystemI::createSoundInternal             : exinfo->userseek           = 00007FFB39E54140
[LOG] SystemI::createSoundInternal             : exinfo->fileuserdata       = 00000242B65A2CD8
[LOG] SystemI::createSoundInternal             : exinfo->initialseekpostype = 1
[LOG] SystemI::DSPCodecPoolRegister            : register codec pool for pool type 5
[LOG] SystemI::createSoundInternal             : Sample 0/1: name='Lasers, Gun, Blaster, Fire, Single Fire SND99791 2', format=5, channels=2, frequency=48000, lengthbytes=8544, lengthpcm=44000, pcmblocksize=0, loopstart=0, loopend=0, mode=0x00000000, channelmask=0x00000000, channelorder=0, peakvolume=0.145359.
[LOG] SystemI::createSoundInternal             : Create name='', mode=0x02000202
[LOG] SystemI::createSoundInternal             : exinfo->cbsize             = 224
[LOG] SystemI::createSoundInternal             : exinfo->length             = 43072
[LOG] SystemI::createSoundInternal             : exinfo->fileoffset         = 3424
[LOG] SystemI::createSoundInternal             : exinfo->numsubsounds       = 1
[LOG] SystemI::createSoundInternal             : exinfo->inclusionlist      = 000000BCBA40F548
[LOG] SystemI::createSoundInternal             : exinfo->inclusionlistnum   = 1
[LOG] SystemI::createSoundInternal             : exinfo->suggestedsoundtype = 5
[LOG] SystemI::createSoundInternal             : exinfo->useropen           = 00007FFB39E53FA0
[LOG] SystemI::createSoundInternal             : exinfo->userclose          = 00007FFB39E53F60
[LOG] SystemI::createSoundInternal             : exinfo->userread           = 00007FFB39E54080
[LOG] SystemI::createSoundInternal             : exinfo->userseek           = 00007FFB39E54140
[LOG] SystemI::createSoundInternal             : exinfo->fileuserdata       = 00000242B65A2CD8
[LOG] SystemI::createSoundInternal             : exinfo->initialseekpostype = 1
[LOG] SystemI::DSPCodecPoolRegister            : register codec pool for pool type 5
[LOG] SystemI::createSoundInternal             : Sample 0/1: name='Lasers, Gun, Blaster, Fire, Single Fire SND99791 3', format=5, channels=2, frequency=48000, lengthbytes=8736, lengthpcm=49940, pcmblocksize=0, loopstart=0, loopend=0, mode=0x00000000, channelmask=0x00000000, channelorder=0, peakvolume=0.145359.
[LOG] SystemI::createSoundInternal             : Create name='', mode=0x02000202
[LOG] SystemI::createSoundInternal             : exinfo->cbsize             = 224
[LOG] SystemI::createSoundInternal             : exinfo->length             = 43072
[LOG] SystemI::createSoundInternal             : exinfo->fileoffset         = 3424
[LOG] SystemI::createSoundInternal             : exinfo->numsubsounds       = 1
[LOG] SystemI::createSoundInternal             : exinfo->inclusionlist      = 000000BCBA40F548
[LOG] SystemI::createSoundInternal             : exinfo->inclusionlistnum   = 1
[LOG] SystemI::createSoundInternal             : exinfo->suggestedsoundtype = 5
[LOG] SystemI::createSoundInternal             : exinfo->useropen           = 00007FFB39E53FA0
[LOG] SystemI::createSoundInternal             : exinfo->userclose          = 00007FFB39E53F60
[LOG] SystemI::createSoundInternal             : exinfo->userread           = 00007FFB39E54080
[LOG] SystemI::createSoundInternal             : exinfo->userseek           = 00007FFB39E54140
[LOG] SystemI::createSoundInternal             : exinfo->fileuserdata       = 00000242B65A2CD8
[LOG] SystemI::createSoundInternal             : exinfo->initialseekpostype = 1
[LOG] SystemI::DSPCodecPoolRegister            : register codec pool for pool type 5
[LOG] SystemI::createSoundInternal             : Sample 0/1: name='Lasers, Gun, Blaster, Fire, Single Fire SND99791 5', format=5, channels=2, frequency=48000, lengthbytes=8736, lengthpcm=52140, pcmblocksize=0, loopstart=0, loopend=0, mode=0x00000000, channelmask=0x00000000, channelorder=0, peakvolume=0.145359.
[LOG] SoundI::release                          :  (000002424C40D0C8)
[LOG] SoundI::release                          :     Lasers, Gun, Blaster, Fire, Single Fire SND99791 2 (00000242B6A490B8)
[LOG] SoundI::release                          :  (000002424C40C828)
[LOG] SoundI::release                          :     Lasers, Gun, Blaster, Fire, Single Fire SND99791 3 (00000242B6A48898)
[LOG] SoundI::release                          :  (000002424C40CF58)
[LOG] SoundI::release                          :     Lasers, Gun, Blaster, Fire, Single Fire SND99791 4 (000002428FC89308)
[LOG] SoundI::release                          :  (000002424C40CB08)
[LOG] SoundI::release                          :     Lasers, Gun, Blaster, Fire, Single Fire SND99791 5 (00000242B6A486F8)
[LOG] SoundI::release                          :  (000002424C40CDE8)
[LOG] SoundI::release                          :     Lasers, Gun, Blaster, Fire, Single Fire SND99791 6 (000002428FC894A8)
[LOG] Thread::callback                         : FMOD Studio bank load thread finished.
[LOG] Thread::callback                         : FMOD Studio sample load thread finished.
[LOG] LiveUpdate::release                      : 
[LOG] LiveUpdate::reset                        : Reset connection (reason Disconnected)
[LOG] Thread::callback                         : FMOD stream thread finished.
[LOG] Thread::callback                         : FMOD mixer thread finished.
[LOG] SystemI::close                           : Closed.
